2017-11-21 13:55:46.559 [main] INFO  org.fbcmd4j.Main - Iniciando fbcmd4j
2017-11-21 13:57:04.670 [main] ERROR org.fbcmd4j.Main - An active access token must be used to query information about the current user.
2017-11-21 14:18:01.329 [main] INFO  org.fbcmd4j.Main - Iniciando fbcmd4j
2017-11-21 14:18:24.586 [main] ERROR org.fbcmd4j.Main - An active access token must be used to query information about the current user.
2017-11-21 14:19:04.683 [main] INFO  org.fbcmd4j.Main - Iniciando fbcmd4j
2017-11-21 14:19:07.686 [main] ERROR org.fbcmd4j.Main - An active access token must be used to query information about the current user.
2017-11-21 14:19:11.447 [main] ERROR org.fbcmd4j.Main - An active access token must be used to query information about the current user.
2017-11-21 14:21:42.398 [main] ERROR org.fbcmd4j.Main - An active access token must be used to query information about the current user.
2017-11-21 14:52:54.466 [main] INFO  org.fbcmd4j.Main - Iniciando fbcmd4j
2017-11-21 14:53:51.477 [main] ERROR org.fbcmd4j.Main - An active access token must be used to query information about the current user.
2017-11-21 15:02:08.995 [main] INFO  org.fbcmd4j.Main - Iniciando fbcmd4j
2017-11-21 15:03:04.979 [main] ERROR org.fbcmd4j.Main - An active access token must be used to query information about the current user.
2017-11-21 15:12:15.472 [main] INFO  org.fbcmd4j.Main - Iniciando app 
2017-11-21 15:13:09.482 [main] INFO  org.fbcmd4j.Main - Inicio de sesión a las: 
2017-11-21 15:13:18.292 [main] ERROR org.fbcmd4j.Main - An active access token must be used to query information about the current user.
2017-11-21 15:16:56.898 [main] INFO  org.fbcmd4j.Main - Iniciando app 
2017-11-21 15:17:04.538 [main] INFO  org.fbcmd4j.Main - Inicio de sesión a las: 
2017-11-21 15:17:08.107 [main] INFO  org.fbcmd4j.Main - El posteó s a las : 
2017-11-21 15:17:10.780 [main] ERROR org.fbcmd4j.Main - An active access token must be used to query information about the current user.
2017-11-21 15:17:23.213 [main] ERROR org.fbcmd4j.Main - An active access token must be used to query information about the current user.
2017-11-21 15:43:33.436 [main] INFO  org.fbcmd4j.Main - Iniciando app 
2017-11-21 15:44:05.961 [main] INFO  org.fbcmd4j.Main - Inicio de sesión a las: 
2017-11-21 15:44:09.865 [main] INFO  org.fbcmd4j.Main - El usuario revisó su página principal a las: 
2017-11-21 15:44:56.748 [main] INFO  org.fbcmd4j.Main - El usuario revisó su muro: 
2017-11-21 15:45:32.914 [main] INFO  org.fbcmd4j.Main - El posteó https://www.youtube.com/watch?v=uTD0CFrmblk a las : 
2017-11-21 15:45:40.426 [main] INFO  org.fbcmd4j.Main - El usuario revisó su página principal a las: 
2017-11-21 15:45:46.500 [main] INFO  org.fbcmd4j.Main - El usuario revisó su muro: 
2017-11-21 15:54:05.439 [main] INFO  org.fbcmd4j.Main - Iniciando fbcmd4j
2017-11-21 18:04:18.781 [main] INFO  org.fbcmd4j.Main - Iniciando fbcmd4j
2017-11-21 18:12:10.167 [main] INFO  org.fbcmd4j.Main - Iniciando fbcmd4j
